<?xml version="1.0" encoding="UTF-8"?>
<!-- Generated by org.testng.reporters.JUnitXMLReporter -->
<testsuite hostname="user-PC" name="Default test" tests="2" failures="0" timestamp="7 Jul 2019 10:12:07 GMT" time="0.063" errors="0">
  <testcase name="executwithvalidds" time="0.0" classname="com.model.modules.Login">
    <skipped/>
  </testcase> <!-- executwithvalidds -->
  <testcase name="executwithInvalidds" time="0.0" classname="com.model.modules.Login">
    <skipped/>
  </testcase> <!-- executwithInvalidds -->
</testsuite> <!-- Default test -->
