<?xml version="1.0" encoding="UTF-8"?>
<testng-results skipped="0" failed="0" ignored="0" total="2" passed="2">
  <reporter-output>
  </reporter-output>
  <suite name="Suite" duration-ms="25556" started-at="2019-07-01T18:52:43Z" finished-at="2019-07-01T18:53:09Z">
    <groups>
    </groups>
    <test name="Test" duration-ms="25556" started-at="2019-07-01T18:52:43Z" finished-at="2019-07-01T18:53:09Z">
      <class name="com.model.modules.Login">
        <test-method status="PASS" signature="executwithvalidds(java.lang.String, java.lang.String)[pri:0, instance:com.model.modules.Login@4cdbe50f]" name="executwithvalidds" duration-ms="12690" started-at="2019-07-01T18:52:56Z" finished-at="2019-07-01T18:53:09Z">
          <params>
            <param index="0">
              <value>
                <![CDATA[sunila1]]>
              </value>
            </param>
            <param index="1">
              <value>
                <![CDATA[p@ssword1]]>
              </value>
            </param>
          </params>
          <reporter-output>
          </reporter-output>
        </test-method> <!-- executwithvalidds -->
      </class> <!-- com.model.modules.Login -->
      <class name="com.model.modules.Launch">
        <test-method status="PASS" signature="executeLaunch(java.lang.String, java.lang.String, int)[pri:0, instance:com.model.modules.Launch@45c8e616]" name="executeLaunch" duration-ms="12791" started-at="2019-07-01T18:52:43Z" finished-at="2019-07-01T18:52:56Z">
          <params>
            <param index="0">
              <value>
                <![CDATA[chrome]]>
              </value>
            </param>
            <param index="1">
              <value>
                <![CDATA[http://www.newtours.demoaut.com/mercurywelcome.php]]>
              </value>
            </param>
            <param index="2">
              <value>
                <![CDATA[15]]>
              </value>
            </param>
          </params>
          <reporter-output>
          </reporter-output>
        </test-method> <!-- executeLaunch -->
      </class> <!-- com.model.modules.Launch -->
    </test> <!-- Test -->
  </suite> <!-- Suite -->
</testng-results>
